<?xml version="1.0" encoding="UTF-8"?>
<!-- Generated by org.testng.reporters.JUnitReportReporter -->
<testsuite skipped="0" hostname="DLDA0326" name="Bing" tests="4" failures="0" timestamp="28 Jun 2018 12:23:59 GMT" time="7.527" errors="0">
  <testcase name="Test002_Language1" time="1.239" classname="Bing"/>
  <testcase name="Test004_EnterText" time="3.427" classname="Bing"/>
  <testcase name="Test003_Language" time="1.193" classname="Bing"/>
  <testcase name="Test001_LaunchBingTranslator" time="1.668" classname="Bing"/>
</testsuite> <!-- Bing -->
